# JRE version: Java(TM) SE Runtime Environment (8.0_101-b13) (build 1.8.0_101-b13)
# Java VM: Java HotSpot(TM) 64-Bit Server VM (25.101-b13 mixed mode bsd-amd64 compressed oops)
Heap:
 PSYoungGen      total 308736K, used 116729K [0x00000007aab00000, 0x00000007bfe00000, 0x00000007c0000000)
  eden space 272384K, 35% used [0x00000007aab00000,0x00000007b0a78940,0x00000007bb500000)
  from space 36352K, 52% used [0x00000007bda80000,0x00000007bed05af8,0x00000007bfe00000)
  to   space 37376K, 0% used [0x00000007bb500000,0x00000007bb500000,0x00000007bd980000)
 ParOldGen       total 208384K, used 101773K [0x0000000780000000, 0x000000078cb80000, 0x00000007aab00000)
  object space 208384K, 48% used [0x0000000780000000,0x0000000786363410,0x000000078cb80000)
 Metaspace       used 77062K, capacity 84022K, committed 85544K, reserved 1122304K
  class space    used 9967K, capacity 11681K, committed 12072K, reserved 1048576K
GC Heap History (10 events):
Event: 1706.048 GC heap before
{Heap before GC invocations=25 (full 5):
 PSYoungGen      total 307200K, used 2080K [0x00000007aab00000, 0x00000007bfa80000, 0x00000007c0000000)
  eden space 271872K, 0% used [0x00000007aab00000,0x00000007aab00000,0x00000007bb480000)
  from space 35328K, 5% used [0x00000007bd800000,0x00000007bda08000,0x00000007bfa80000)
  to   space 35840K, 0% used [0x00000007bb480000,0x00000007bb480000,0x00000007bd780000)
 ParOldGen       total 208384K, used 98552K [0x0000000780000000, 0x000000078cb80000, 0x00000007aab00000)
  object space 208384K, 47% used [0x0000000780000000,0x000000078603e348,0x000000078cb80000)
 Metaspace       used 75926K, capacity 82774K, committed 82856K, reserved 1120256K
  class space    used 9819K, capacity 11366K, committed 11432K, reserved 1048576K
Event: 1706.696 GC heap after
Heap after GC invocations=25 (full 5):
 PSYoungGen      total 307200K, used 0K [0x00000007aab00000, 0x00000007bfa80000, 0x00000007c0000000)
  eden space 271872K, 0% used [0x00000007aab00000,0x00000007aab00000,0x00000007bb480000)
  from space 35328K, 0% used [0x00000007bd800000,0x00000007bd800000,0x00000007bfa80000)
  to   space 35840K, 0% used [0x00000007bb480000,0x00000007bb480000,0x00000007bd780000)
 ParOldGen       total 208384K, used 59346K [0x0000000780000000, 0x000000078cb80000, 0x00000007aab00000)
  object space 208384K, 28% used [0x0000000780000000,0x00000007839f4898,0x000000078cb80000)
 Metaspace       used 59621K, capacity 63752K, committed 80808K, reserved 1118208K
  class space    used 7620K, capacity 8438K, committed 11432K, reserved 1048576K
}
Event: 1766.766 GC heap before
{Heap before GC invocations=26 (full 5):
 PSYoungGen      total 307200K, used 271872K [0x00000007aab00000, 0x00000007bfa80000, 0x00000007c0000000)
  eden space 271872K, 100% used [0x00000007aab00000,0x00000007bb480000,0x00000007bb480000)
  from space 35328K, 0% used [0x00000007bd800000,0x00000007bd800000,0x00000007bfa80000)
  to   space 35840K, 0% used [0x00000007bb480000,0x00000007bb480000,0x00000007bd780000)
 ParOldGen       total 208384K, used 59346K [0x0000000780000000, 0x000000078cb80000, 0x00000007aab00000)
  object space 208384K, 28% used [0x0000000780000000,0x00000007839f4898,0x000000078cb80000)
 Metaspace       used 60255K, capacity 64622K, committed 80808K, reserved 1118208K
  class space    used 7701K, capacity 8576K, committed 11432K, reserved 1048576K
Event: 1766.773 GC heap after
Heap after GC invocations=26 (full 5):
 PSYoungGen      total 307712K, used 6000K [0x00000007aab00000, 0x00000007bfe80000, 0x00000007c0000000)
  eden space 271872K, 0% used [0x00000007aab00000,0x00000007aab00000,0x00000007bb480000)
  from space 35840K, 16% used [0x00000007bb480000,0x00000007bba5c250,0x00000007bd780000)
  to   space 34816K, 0% used [0x00000007bdc80000,0x00000007bdc80000,0x00000007bfe80000)
 ParOldGen       total 208384K, used 59354K [0x0000000780000000, 0x000000078cb80000, 0x00000007aab00000)
  object space 208384K, 28% used [0x0000000780000000,0x00000007839f6898,0x000000078cb80000)
 Metaspace       used 60255K, capacity 64622K, committed 80808K, reserved 1118208K
  class space    used 7701K, capacity 8576K, committed 11432K, reserved 1048576K
}
Event: 1767.924 GC heap before
{Heap before GC invocations=27 (full 5):
 PSYoungGen      total 307712K, used 277872K [0x00000007aab00000, 0x00000007bfe80000, 0x00000007c0000000)
  eden space 271872K, 100% used [0x00000007aab00000,0x00000007bb480000,0x00000007bb480000)
  from space 35840K, 16% used [0x00000007bb480000,0x00000007bba5c250,0x00000007bd780000)
  to   space 34816K, 0% used [0x00000007bdc80000,0x00000007bdc80000,0x00000007bfe80000)
 ParOldGen       total 208384K, used 59354K [0x0000000780000000, 0x000000078cb80000, 0x00000007aab00000)
  object space 208384K, 28% used [0x0000000780000000,0x00000007839f6898,0x000000078cb80000)
 Metaspace       used 65637K, capacity 70880K, committed 80808K, reserved 1118208K
  class space    used 8536K, capacity 9726K, committed 11432K, reserved 1048576K
Event: 1767.995 GC heap after
Heap after GC invocations=27 (full 5):
 PSYoungGen      total 307200K, used 27598K [0x00000007aab00000, 0x00000007c0000000, 0x00000007c0000000)
  eden space 272384K, 0% used [0x00000007aab00000,0x00000007aab00000,0x00000007bb500000)
  from space 34816K, 79% used [0x00000007bdc80000,0x00000007bf773a90,0x00000007bfe80000)
  to   space 38400K, 0% used [0x00000007bb500000,0x00000007bb500000,0x00000007bda80000)
 ParOldGen       total 208384K, used 64055K [0x0000000780000000, 0x000000078cb80000, 0x00000007aab00000)
  object space 208384K, 30% used [0x0000000780000000,0x0000000783e8df78,0x000000078cb80000)
 Metaspace       used 65637K, capacity 70880K, committed 80808K, reserved 1118208K
  class space    used 8536K, capacity 9726K, committed 11432K, reserved 1048576K
}
Event: 1769.134 GC heap before
{Heap before GC invocations=28 (full 5):
 PSYoungGen      total 307200K, used 299982K [0x00000007aab00000, 0x00000007c0000000, 0x00000007c0000000)
  eden space 272384K, 100% used [0x00000007aab00000,0x00000007bb500000,0x00000007bb500000)
  from space 34816K, 79% used [0x00000007bdc80000,0x00000007bf773a90,0x00000007bfe80000)
  to   space 38400K, 0% used [0x00000007bb500000,0x00000007bb500000,0x00000007bda80000)
 ParOldGen       total 208384K, used 64055K [0x0000000780000000, 0x000000078cb80000, 0x00000007aab00000)
  object space 208384K, 30% used [0x0000000780000000,0x0000000783e8df78,0x000000078cb80000)
 Metaspace       used 70166K, capacity 75986K, committed 80808K, reserved 1118208K
  class space    used 9120K, capacity 10479K, committed 11432K, reserved 1048576K
Event: 1769.195 GC heap after
Heap after GC invocations=28 (full 5):
 PSYoungGen      total 310784K, used 19883K [0x00000007aab00000, 0x00000007c0000000, 0x00000007c0000000)
  eden space 272384K, 0% used [0x00000007aab00000,0x00000007aab00000,0x00000007bb500000)
  from space 38400K, 51% used [0x00000007bb500000,0x00000007bc86aed0,0x00000007bda80000)
  to   space 38400K, 0% used [0x00000007bda80000,0x00000007bda80000,0x00000007c0000000)
 ParOldGen       total 208384K, used 86600K [0x0000000780000000, 0x000000078cb80000, 0x00000007aab00000)
  object space 208384K, 41% used [0x0000000780000000,0x00000007854920b8,0x000000078cb80000)
 Metaspace       used 70166K, capacity 75986K, committed 80808K, reserved 1118208K
  class space    used 9120K, capacity 10479K, committed 11432K, reserved 1048576K
}
Event: 1770.165 GC heap before
{Heap before GC invocations=29 (full 5):
 PSYoungGen      total 310784K, used 292267K [0x00000007aab00000, 0x00000007c0000000, 0x00000007c0000000)
  eden space 272384K, 100% used [0x00000007aab00000,0x00000007bb500000,0x00000007bb500000)
  from space 38400K, 51% used [0x00000007bb500000,0x00000007bc86aed0,0x00000007bda80000)
  to   space 38400K, 0% used [0x00000007bda80000,0x00000007bda80000,0x00000007c0000000)
 ParOldGen       total 208384K, used 86600K [0x0000000780000000, 0x000000078cb80000, 0x00000007aab00000)
  object space 208384K, 41% used [0x0000000780000000,0x00000007854920b8,0x000000078cb80000)
 Metaspace       used 73694K, capacity 80356K, committed 82216K, reserved 1120256K
  class space    used 9605K, capacity 11198K, committed 11560K, reserved 1048576K
Event: 1770.218 GC heap after
Heap after GC invocations=29 (full 5):
 PSYoungGen      total 308736K, used 18966K [0x00000007aab00000, 0x00000007bfe00000, 0x00000007c0000000)
  eden space 272384K, 0% used [0x00000007aab00000,0x00000007aab00000,0x00000007bb500000)
  from space 36352K, 52% used [0x00000007bda80000,0x00000007bed05af8,0x00000007bfe00000)
  to   space 37376K, 0% used [0x00000007bb500000,0x00000007bb500000,0x00000007bd980000)
 ParOldGen       total 208384K, used 101773K [0x0000000780000000, 0x000000078cb80000, 0x00000007aab00000)
  object space 208384K, 48% used [0x0000000780000000,0x0000000786363410,0x000000078cb80000)
 Metaspace       used 73694K, capacity 80356K, committed 82216K, reserved 1120256K
  class space    used 9605K, capacity 11198K, committed 11560K, reserved 1048576K
}

